0 info it worked if it ends with ok
1 verbose cli [ 'node', '/usr/local/bin/npm', 'run', 'lint' ]
2 info using npm@1.4.28
3 info using node@v0.10.32
4 verbose run-script [ 'prelint', 'lint', 'postlint' ]
5 info prelint grabber@0.0.1
6 info lint grabber@0.0.1
7 verbose unsafe-perm in lifecycle true
8 info grabber@0.0.1 Failed to exec lint script
9 error grabber@0.0.1 lint: `node ./node_modules/.bin/jshint ./lib/ && node ./node_modules/.bin/jscs ./lib/`
9 error Exit status 2
10 error Failed at the grabber@0.0.1 lint script.
10 error This is most likely a problem with the grabber package,
10 error not with npm itself.
10 error Tell the author that this fails on your system:
10 error     node ./node_modules/.bin/jshint ./lib/ && node ./node_modules/.bin/jscs ./lib/
10 error You can get their info via:
10 error     npm owner ls grabber
10 error There is likely additional logging output above.
11 error System Darwin 14.3.0
12 error command "node" "/usr/local/bin/npm" "run" "lint"
13 error cwd /Users/seyar/htdocs/yet-another-grabber
14 error node -v v0.10.32
15 error npm -v 1.4.28
16 error code ELIFECYCLE
17 verbose exit [ 1, true ]
